# JRE version: OpenJDK Runtime Environment Temurin-17.0.10+7 (17.0.10+7) (build 17.0.10+7)
# Java VM: OpenJDK 64-Bit Server VM Temurin-17.0.10+7 (17.0.10+7, mixed mode, tiered, compressed oops, compressed class ptrs, parallel gc, windows-amd64)
GC Precious Log:
 CPUs: 8 total, 8 available
 Memory: 7834M
 Large Page Support: Disabled
 NUMA Support: Disabled
 Compressed Oops: Enabled (32-bit)
 Alignments: Space 512K, Generation 512K, Heap 2M
 Heap Min Capacity: 100M
 Heap Initial Capacity: 100M
 Heap Max Capacity: 1G
 Pre-touch: Disabled
 Parallel Workers: 8
Heap:
 PSYoungGen      total 12288K, used 6236K [0x00000000eab00000, 0x00000000ebb80000, 0x0000000100000000)
  eden space 8192K, 27% used [0x00000000eab00000,0x00000000ead2f7d0,0x00000000eb300000)
  from space 4096K, 97% used [0x00000000eb780000,0x00000000ebb67b30,0x00000000ebb80000)
  to   space 4096K, 0% used [0x00000000eb380000,0x00000000eb380000,0x00000000eb780000)
 ParOldGen       total 165376K, used 139232K [0x00000000c0000000, 0x00000000ca180000, 0x00000000eab00000)
  object space 165376K, 84% used [0x00000000c0000000,0x00000000c87f8290,0x00000000ca180000)
 Metaspace       used 100641K, committed 102208K, reserved 1179648K
  class space    used 9827K, committed 10560K, reserved 1048576K
GC Heap History (20 events):
Event: 13079.114 GC heap before
{Heap before GC invocations=6732 (full 160):
 PSYoungGen      total 14848K, used 14491K [0x00000000eab00000, 0x00000000ebf80000, 0x0000000100000000)
  eden space 9216K, 100% used [0x00000000eab00000,0x00000000eb400000,0x00000000eb400000)
  from space 5632K, 93% used [0x00000000eba00000,0x00000000ebf26cd0,0x00000000ebf80000)
  to   space 5632K, 0% used [0x00000000eb480000,0x00000000eb480000,0x00000000eba00000)
 ParOldGen       total 165376K, used 130463K [0x00000000c0000000, 0x00000000ca180000, 0x00000000eab00000)
  object space 165376K, 78% used [0x00000000c0000000,0x00000000c7f67eb0,0x00000000ca180000)
 Metaspace       used 100640K, committed 102208K, reserved 1179648K
  class space    used 9827K, committed 10560K, reserved 1048576K
}
Event: 13079.119 GC heap after
{Heap after GC invocations=6732 (full 160):
 PSYoungGen      total 14848K, used 5621K [0x00000000eab00000, 0x00000000ec000000, 0x0000000100000000)
  eden space 9216K, 0% used [0x00000000eab00000,0x00000000eab00000,0x00000000eb400000)
  from space 5632K, 99% used [0x00000000eb480000,0x00000000eb9fd610,0x00000000eba00000)
  to   space 6144K, 0% used [0x00000000eba00000,0x00000000eba00000,0x00000000ec000000)
 ParOldGen       total 165376K, used 130727K [0x00000000c0000000, 0x00000000ca180000, 0x00000000eab00000)
  object space 165376K, 79% used [0x00000000c0000000,0x00000000c7fa9ed0,0x00000000ca180000)
 Metaspace       used 100640K, committed 102208K, reserved 1179648K
  class space    used 9827K, committed 10560K, reserved 1048576K
}
Event: 13080.033 GC heap before
{Heap before GC invocations=6733 (full 160):
 PSYoungGen      total 14848K, used 14837K [0x00000000eab00000, 0x00000000ec000000, 0x0000000100000000)
  eden space 9216K, 100% used [0x00000000eab00000,0x00000000eb400000,0x00000000eb400000)
  from space 5632K, 99% used [0x00000000eb480000,0x00000000eb9fd610,0x00000000eba00000)
  to   space 6144K, 0% used [0x00000000eba00000,0x00000000eba00000,0x00000000ec000000)
 ParOldGen       total 165376K, used 130727K [0x00000000c0000000, 0x00000000ca180000, 0x00000000eab00000)
  object space 165376K, 79% used [0x00000000c0000000,0x00000000c7fa9ed0,0x00000000ca180000)
 Metaspace       used 100641K, committed 102208K, reserved 1179648K
  class space    used 9827K, committed 10560K, reserved 1048576K
}
Event: 13080.038 GC heap after
{Heap after GC invocations=6733 (full 160):
 PSYoungGen      total 13312K, used 6118K [0x00000000eab00000, 0x00000000ec400000, 0x0000000100000000)
  eden space 7168K, 0% used [0x00000000eab00000,0x00000000eab00000,0x00000000eb200000)
  from space 6144K, 99% used [0x00000000eba00000,0x00000000ebff98b0,0x00000000ec000000)
  to   space 8192K, 0% used [0x00000000eb200000,0x00000000eb200000,0x00000000eba00000)
 ParOldGen       total 165376K, used 132320K [0x00000000c0000000, 0x00000000ca180000, 0x00000000eab00000)
  object space 165376K, 80% used [0x00000000c0000000,0x00000000c8138340,0x00000000ca180000)
 Metaspace       used 100641K, committed 102208K, reserved 1179648K
  class space    used 9827K, committed 10560K, reserved 1048576K
}
Event: 13080.044 GC heap before
{Heap before GC invocations=6734 (full 160):
 PSYoungGen      total 13312K, used 13286K [0x00000000eab00000, 0x00000000ec400000, 0x0000000100000000)
  eden space 7168K, 100% used [0x00000000eab00000,0x00000000eb200000,0x00000000eb200000)
  from space 6144K, 99% used [0x00000000eba00000,0x00000000ebff98b0,0x00000000ec000000)
  to   space 8192K, 0% used [0x00000000eb200000,0x00000000eb200000,0x00000000eba00000)
 ParOldGen       total 165376K, used 132320K [0x00000000c0000000, 0x00000000ca180000, 0x00000000eab00000)
  object space 165376K, 80% used [0x00000000c0000000,0x00000000c8138340,0x00000000ca180000)
 Metaspace       used 100641K, committed 102208K, reserved 1179648K
  class space    used 9827K, committed 10560K, reserved 1048576K
}
Event: 13080.049 GC heap after
{Heap after GC invocations=6734 (full 160):
 PSYoungGen      total 14848K, used 7203K [0x00000000eab00000, 0x00000000ec100000, 0x0000000100000000)
  eden space 7168K, 0% used [0x00000000eab00000,0x00000000eab00000,0x00000000eb200000)
  from space 7680K, 93% used [0x00000000eb200000,0x00000000eb908fa8,0x00000000eb980000)
  to   space 7680K, 0% used [0x00000000eb980000,0x00000000eb980000,0x00000000ec100000)
 ParOldGen       total 165376K, used 132965K [0x00000000c0000000, 0x00000000ca180000, 0x00000000eab00000)
  object space 165376K, 80% used [0x00000000c0000000,0x00000000c81d9580,0x00000000ca180000)
 Metaspace       used 100641K, committed 102208K, reserved 1179648K
  class space    used 9827K, committed 10560K, reserved 1048576K
}
Event: 13080.070 GC heap before
{Heap before GC invocations=6735 (full 160):
 PSYoungGen      total 14848K, used 14371K [0x00000000eab00000, 0x00000000ec100000, 0x0000000100000000)
  eden space 7168K, 100% used [0x00000000eab00000,0x00000000eb200000,0x00000000eb200000)
  from space 7680K, 93% used [0x00000000eb200000,0x00000000eb908fa8,0x00000000eb980000)
  to   space 7680K, 0% used [0x00000000eb980000,0x00000000eb980000,0x00000000ec100000)
 ParOldGen       total 165376K, used 132965K [0x00000000c0000000, 0x00000000ca180000, 0x00000000eab00000)
  object space 165376K, 80% used [0x00000000c0000000,0x00000000c81d9580,0x00000000ca180000)
 Metaspace       used 100641K, committed 102208K, reserved 1179648K
  class space    used 9827K, committed 10560K, reserved 1048576K
}
Event: 13080.075 GC heap after
{Heap after GC invocations=6735 (full 160):
 PSYoungGen      total 12288K, used 7656K [0x00000000eab00000, 0x00000000ec700000, 0x0000000100000000)
  eden space 4608K, 0% used [0x00000000eab00000,0x00000000eab00000,0x00000000eaf80000)
  from space 7680K, 99% used [0x00000000eb980000,0x00000000ec0fa318,0x00000000ec100000)
  to   space 10240K, 0% used [0x00000000eaf80000,0x00000000eaf80000,0x00000000eb980000)
 ParOldGen       total 165376K, used 134822K [0x00000000c0000000, 0x00000000ca180000, 0x00000000eab00000)
  object space 165376K, 81% used [0x00000000c0000000,0x00000000c83a99c0,0x00000000ca180000)
 Metaspace       used 100641K, committed 102208K, reserved 1179648K
  class space    used 9827K, committed 10560K, reserved 1048576K
}
Event: 13080.084 GC heap before
{Heap before GC invocations=6736 (full 160):
 PSYoungGen      total 12288K, used 12264K [0x00000000eab00000, 0x00000000ec700000, 0x0000000100000000)
  eden space 4608K, 100% used [0x00000000eab00000,0x00000000eaf80000,0x00000000eaf80000)
  from space 7680K, 99% used [0x00000000eb980000,0x00000000ec0fa318,0x00000000ec100000)
  to   space 10240K, 0% used [0x00000000eaf80000,0x00000000eaf80000,0x00000000eb980000)
 ParOldGen       total 165376K, used 134822K [0x00000000c0000000, 0x00000000ca180000, 0x00000000eab00000)
  object space 165376K, 81% used [0x00000000c0000000,0x00000000c83a99c0,0x00000000ca180000)
 Metaspace       used 100641K, committed 102208K, reserved 1179648K
  class space    used 9827K, committed 10560K, reserved 1048576K
}
Event: 13080.087 GC heap after
{Heap after GC invocations=6736 (full 160):
 PSYoungGen      total 8704K, used 3778K [0x00000000eab00000, 0x00000000ebc80000, 0x0000000100000000)
  eden space 4608K, 0% used [0x00000000eab00000,0x00000000eab00000,0x00000000eaf80000)
  from space 4096K, 92% used [0x00000000eaf80000,0x00000000eb330890,0x00000000eb380000)
  to   space 6144K, 0% used [0x00000000eb680000,0x00000000eb680000,0x00000000ebc80000)
 ParOldGen       total 165376K, used 135342K [0x00000000c0000000, 0x00000000ca180000, 0x00000000eab00000)
  object space 165376K, 81% used [0x00000000c0000000,0x00000000c842b9d0,0x00000000ca180000)
 Metaspace       used 100641K, committed 102208K, reserved 1179648K
  class space    used 9827K, committed 10560K, reserved 1048576K
}
Event: 13080.102 GC heap before
{Heap before GC invocations=6737 (full 160):
 PSYoungGen      total 8704K, used 8386K [0x00000000eab00000, 0x00000000ebc80000, 0x0000000100000000)
  eden space 4608K, 100% used [0x00000000eab00000,0x00000000eaf80000,0x00000000eaf80000)
  from space 4096K, 92% used [0x00000000eaf80000,0x00000000eb330890,0x00000000eb380000)
  to   space 6144K, 0% used [0x00000000eb680000,0x00000000eb680000,0x00000000ebc80000)
 ParOldGen       total 165376K, used 135342K [0x00000000c0000000, 0x00000000ca180000, 0x00000000eab00000)
  object space 165376K, 81% used [0x00000000c0000000,0x00000000c842b9d0,0x00000000ca180000)
 Metaspace       used 100641K, committed 102208K, reserved 1179648K
  class space    used 9827K, committed 10560K, reserved 1048576K
}
Event: 13080.105 GC heap after
{Heap after GC invocations=6737 (full 160):
 PSYoungGen      total 9728K, used 3827K [0x00000000eab00000, 0x00000000eba80000, 0x0000000100000000)
  eden space 5632K, 0% used [0x00000000eab00000,0x00000000eab00000,0x00000000eb080000)
  from space 4096K, 93% used [0x00000000eb680000,0x00000000eba3cd30,0x00000000eba80000)
  to   space 4608K, 0% used [0x00000000eb180000,0x00000000eb180000,0x00000000eb600000)
 ParOldGen       total 165376K, used 136123K [0x00000000c0000000, 0x00000000ca180000, 0x00000000eab00000)
  object space 165376K, 82% used [0x00000000c0000000,0x00000000c84eec10,0x00000000ca180000)
 Metaspace       used 100641K, committed 102208K, reserved 1179648K
  class space    used 9827K, committed 10560K, reserved 1048576K
}
Event: 13080.121 GC heap before
{Heap before GC invocations=6738 (full 160):
 PSYoungGen      total 9728K, used 9459K [0x00000000eab00000, 0x00000000eba80000, 0x0000000100000000)
  eden space 5632K, 100% used [0x00000000eab00000,0x00000000eb080000,0x00000000eb080000)
  from space 4096K, 93% used [0x00000000eb680000,0x00000000eba3cd30,0x00000000eba80000)
  to   space 4608K, 0% used [0x00000000eb180000,0x00000000eb180000,0x00000000eb600000)
 ParOldGen       total 165376K, used 136123K [0x00000000c0000000, 0x00000000ca180000, 0x00000000eab00000)
  object space 165376K, 82% used [0x00000000c0000000,0x00000000c84eec10,0x00000000ca180000)
 Metaspace       used 100641K, committed 102208K, reserved 1179648K
  class space    used 9827K, committed 10560K, reserved 1048576K
}
Event: 13080.124 GC heap after
{Heap after GC invocations=6738 (full 160):
 PSYoungGen      total 11264K, used 4583K [0x00000000eab00000, 0x00000000ebc00000, 0x0000000100000000)
  eden space 6656K, 0% used [0x00000000eab00000,0x00000000eab00000,0x00000000eb180000)
  from space 4608K, 99% used [0x00000000eb180000,0x00000000eb5f9f50,0x00000000eb600000)
  to   space 5120K, 0% used [0x00000000eb700000,0x00000000eb700000,0x00000000ebc00000)
 ParOldGen       total 165376K, used 136411K [0x00000000c0000000, 0x00000000ca180000, 0x00000000eab00000)
  object space 165376K, 82% used [0x00000000c0000000,0x00000000c8536c10,0x00000000ca180000)
 Metaspace       used 100641K, committed 102208K, reserved 1179648K
  class space    used 9827K, committed 10560K, reserved 1048576K
}
Event: 13080.138 GC heap before
{Heap before GC invocations=6739 (full 160):
 PSYoungGen      total 11264K, used 11239K [0x00000000eab00000, 0x00000000ebc00000, 0x0000000100000000)
  eden space 6656K, 100% used [0x00000000eab00000,0x00000000eb180000,0x00000000eb180000)
  from space 4608K, 99% used [0x00000000eb180000,0x00000000eb5f9f50,0x00000000eb600000)
  to   space 5120K, 0% used [0x00000000eb700000,0x00000000eb700000,0x00000000ebc00000)
 ParOldGen       total 165376K, used 136411K [0x00000000c0000000, 0x00000000ca180000, 0x00000000eab00000)
  object space 165376K, 82% used [0x00000000c0000000,0x00000000c8536c10,0x00000000ca180000)
 Metaspace       used 100641K, committed 102208K, reserved 1179648K
  class space    used 9827K, committed 10560K, reserved 1048576K
}
Event: 13080.142 GC heap after
{Heap after GC invocations=6739 (full 160):
 PSYoungGen      total 12288K, used 5017K [0x00000000eab00000, 0x00000000ebd00000, 0x0000000100000000)
  eden space 7168K, 0% used [0x00000000eab00000,0x00000000eab00000,0x00000000eb200000)
  from space 5120K, 97% used [0x00000000eb700000,0x00000000ebbe6410,0x00000000ebc00000)
  to   space 5120K, 0% used [0x00000000eb200000,0x00000000eb200000,0x00000000eb700000)
 ParOldGen       total 165376K, used 137588K [0x00000000c0000000, 0x00000000ca180000, 0x00000000eab00000)
  object space 165376K, 83% used [0x00000000c0000000,0x00000000c865d070,0x00000000ca180000)
 Metaspace       used 100641K, committed 102208K, reserved 1179648K
  class space    used 9827K, committed 10560K, reserved 1048576K
}
Event: 13080.460 GC heap before
{Heap before GC invocations=6740 (full 160):
 PSYoungGen      total 12288K, used 12185K [0x00000000eab00000, 0x00000000ebd00000, 0x0000000100000000)
  eden space 7168K, 100% used [0x00000000eab00000,0x00000000eb200000,0x00000000eb200000)
  from space 5120K, 97% used [0x00000000eb700000,0x00000000ebbe6410,0x00000000ebc00000)
  to   space 5120K, 0% used [0x00000000eb200000,0x00000000eb200000,0x00000000eb700000)
 ParOldGen       total 165376K, used 137588K [0x00000000c0000000, 0x00000000ca180000, 0x00000000eab00000)
  object space 165376K, 83% used [0x00000000c0000000,0x00000000c865d070,0x00000000ca180000)
 Metaspace       used 100641K, committed 102208K, reserved 1179648K
  class space    used 9827K, committed 10560K, reserved 1048576K
}
Event: 13080.464 GC heap after
{Heap after GC invocations=6740 (full 160):
 PSYoungGen      total 12288K, used 3961K [0x00000000eab00000, 0x00000000ebc00000, 0x0000000100000000)
  eden space 7168K, 0% used [0x00000000eab00000,0x00000000eab00000,0x00000000eb200000)
  from space 5120K, 77% used [0x00000000eb200000,0x00000000eb5de430,0x00000000eb700000)
  to   space 4608K, 0% used [0x00000000eb780000,0x00000000eb780000,0x00000000ebc00000)
 ParOldGen       total 165376K, used 138808K [0x00000000c0000000, 0x00000000ca180000, 0x00000000eab00000)
  object space 165376K, 83% used [0x00000000c0000000,0x00000000c878e290,0x00000000ca180000)
 Metaspace       used 100641K, committed 102208K, reserved 1179648K
  class space    used 9827K, committed 10560K, reserved 1048576K
}
Event: 13080.485 GC heap before
{Heap before GC invocations=6741 (full 160):
 PSYoungGen      total 12288K, used 11129K [0x00000000eab00000, 0x00000000ebc00000, 0x0000000100000000)
  eden space 7168K, 100% used [0x00000000eab00000,0x00000000eb200000,0x00000000eb200000)
  from space 5120K, 77% used [0x00000000eb200000,0x00000000eb5de430,0x00000000eb700000)
  to   space 4608K, 0% used [0x00000000eb780000,0x00000000eb780000,0x00000000ebc00000)
 ParOldGen       total 165376K, used 138808K [0x00000000c0000000, 0x00000000ca180000, 0x00000000eab00000)
  object space 165376K, 83% used [0x00000000c0000000,0x00000000c878e290,0x00000000ca180000)
 Metaspace       used 100641K, committed 102208K, reserved 1179648K
  class space    used 9827K, committed 10560K, reserved 1048576K
}
Event: 13080.488 GC heap after
{Heap after GC invocations=6741 (full 160):
 PSYoungGen      total 12288K, used 3998K [0x00000000eab00000, 0x00000000ebb80000, 0x0000000100000000)
  eden space 8192K, 0% used [0x00000000eab00000,0x00000000eab00000,0x00000000eb300000)
  from space 4096K, 97% used [0x00000000eb780000,0x00000000ebb67b30,0x00000000ebb80000)
  to   space 4096K, 0% used [0x00000000eb380000,0x00000000eb380000,0x00000000eb780000)
 ParOldGen       total 165376K, used 139232K [0x00000000c0000000, 0x00000000ca180000, 0x00000000eab00000)
  object space 165376K, 84% used [0x00000000c0000000,0x00000000c87f8290,0x00000000ca180000)
 Metaspace       used 100641K, committed 102208K, reserved 1179648K
  class space    used 9827K, committed 10560K, reserved 1048576K
}

